<?xml version="1.0" encoding="UTF-8"?>
<!-- Generated by org.testng.reporters.JUnitReportReporter -->
<testsuite skipped="0" hostname="Home-Laptop" name="testCases.BasicCheckBoxDemoSingleCheckBoxTest2" tests="1" failures="0" timestamp="22 Nov 2020 15:10:47 GMT" time="10.130" errors="0">
  <testcase name="verifySingleDemoCheckbox" time="10.130" classname="testCases.BasicCheckBoxDemoSingleCheckBoxTest2"/>
</testsuite> <!-- testCases.BasicCheckBoxDemoSingleCheckBoxTest2 -->
