<?xml version="1.0" encoding="UTF-8"?>
<!-- Generated by org.testng.reporters.JUnitReportReporter -->
<testsuite skipped="0" hostname="Home-Laptop" name="testCases.FirstFormDemoClunkyTest" tests="1" failures="0" timestamp="26 Nov 2020 11:03:03 GMT" time="31.314" errors="0">
  <testcase name="verifySingleInputField" time="31.314" classname="testCases.FirstFormDemoClunkyTest"/>
</testsuite> <!-- testCases.FirstFormDemoClunkyTest -->
