<?xml version="1.0" encoding="UTF-8"?>
<!-- Generated by org.testng.reporters.JUnitReportReporter -->
<testsuite skipped="0" hostname="Home-Laptop" name="testCases.FirstFormDemoDataSheet" tests="1" failures="0" timestamp="23 Nov 2020 10:32:30 GMT" time="33.242" errors="0">
  <testcase name="verifyTwoInputFieldsNew" time="33.242" classname="testCases.FirstFormDemoDataSheet"/>
</testsuite> <!-- testCases.FirstFormDemoDataSheet -->
