<?xml version="1.0" encoding="UTF-8"?>
<!-- Generated by org.testng.reporters.JUnitReportReporter -->
<testsuite skipped="0" hostname="Home-Laptop" name="testCases.DropdownListPrintAllValuesTest" tests="1" failures="0" timestamp="23 Nov 2020 12:22:07 GMT" time="12.276" errors="0">
  <testcase name="verifyDropdownListValues" time="12.276" classname="testCases.DropdownListPrintAllValuesTest"/>
</testsuite> <!-- testCases.DropdownListPrintAllValuesTest -->
