<?xml version="1.0" encoding="UTF-8"?>
<!-- Generated by org.testng.reporters.JUnitReportReporter -->
<testsuite skipped="0" hostname="Home-Laptop" name="testCases.FirstFormDemoUsingLaunchBrowsrStaticDataTest" tests="1" failures="0" timestamp="27 Nov 2020 14:33:25 GMT" time="23.757" errors="0">
  <testcase name="verifyTwoInputFields" time="23.757" classname="testCases.FirstFormDemoUsingLaunchBrowsrStaticDataTest"/>
</testsuite> <!-- testCases.FirstFormDemoUsingLaunchBrowsrStaticDataTest -->
