<?xml version="1.0" encoding="UTF-8"?>
<!-- Generated by org.testng.reporters.JUnitReportReporter -->
<testsuite skipped="0" hostname="Home-Laptop" name="testCases.FirstFormDemoTestUsingLaunchBrowser" tests="1" failures="0" timestamp="25 Nov 2020 13:40:22 GMT" time="28.014" errors="0">
  <testcase name="verifySingleInputField" time="28.014" classname="testCases.FirstFormDemoTestUsingLaunchBrowser"/>
</testsuite> <!-- testCases.FirstFormDemoTestUsingLaunchBrowser -->
