<?xml version="1.0" encoding="UTF-8"?>
<!-- Generated by org.testng.reporters.JUnitReportReporter -->
<testsuite skipped="0" hostname="Home-Laptop" name="testCases.FirstFormDemoTestUsingLaunchBrowser" tests="1" failures="0" timestamp="27 Nov 2020 14:33:25 GMT" time="22.855" errors="0">
  <testcase name="verifySingleInputField" time="22.855" classname="testCases.FirstFormDemoTestUsingLaunchBrowser"/>
</testsuite> <!-- testCases.FirstFormDemoTestUsingLaunchBrowser -->
