<?xml version="1.0" encoding="UTF-8"?>
<!-- Generated by org.testng.reporters.JUnitReportReporter -->
<testsuite skipped="0" hostname="Home-Laptop" name="testCases.DragAndDropTest" tests="1" failures="0" timestamp="26 Nov 2020 16:13:22 GMT" time="17.110" errors="0">
  <testcase name="verifyDragAndDrop" time="17.110" classname="testCases.DragAndDropTest"/>
</testsuite> <!-- testCases.DragAndDropTest -->
