<?xml version="1.0" encoding="UTF-8"?>
<!-- Generated by org.testng.reporters.JUnitReportReporter -->
<testsuite name="testCases.BasicFirstFormDemoTest3" tests="1" time="36.221" ignored="0" failures="0" timestamp="18 Nov 2020 17:30:59 GMT" skipped="0" hostname="Home-Laptop" errors="0">
  <testcase name="verifyTwoInputFieldsNew" time="36.221" classname="testCases.BasicFirstFormDemoTest3"/>
</testsuite> <!-- testCases.BasicFirstFormDemoTest3 -->
