<?xml version="1.0" encoding="UTF-8"?>
<!-- Generated by org.testng.reporters.JUnitReportReporter -->
<testsuite skipped="0" hostname="Home-Laptop" name="testCases.FirstRadioButtonDemoSingleRadioButtonTest" tests="1" failures="0" timestamp="25 Nov 2020 13:40:22 GMT" time="14.522" errors="0">
  <testcase name="verifySingleRadioButton" time="14.522" classname="testCases.FirstRadioButtonDemoSingleRadioButtonTest"/>
</testsuite> <!-- testCases.FirstRadioButtonDemoSingleRadioButtonTest -->
