<?xml version="1.0" encoding="UTF-8"?>
<!-- Generated by org.testng.reporters.JUnitReportReporter -->
<testsuite skipped="0" hostname="Home-Laptop" name="testCases.DropdownListPrintAllValuesTest" tests="1" failures="0" timestamp="26 Nov 2020 16:27:20 GMT" time="13.050" errors="0">
  <testcase name="verifyDropdownListValues" time="13.050" classname="testCases.DropdownListPrintAllValuesTest"/>
</testsuite> <!-- testCases.DropdownListPrintAllValuesTest -->
