<?xml version="1.0" encoding="UTF-8"?>
<!-- Generated by org.testng.reporters.JUnitReportReporter -->
<testsuite skipped="0" hostname="Home-Laptop" name="testCases.NaukriHandleMultipleWindowsTest" tests="1" failures="0" timestamp="25 Nov 2020 11:41:29 GMT" time="35.604" errors="0">
  <testcase name="handleMultipleWindows" time="35.604" classname="testCases.NaukriHandleMultipleWindowsTest"/>
</testsuite> <!-- testCases.NaukriHandleMultipleWindowsTest -->
