<?xml version="1.0" encoding="UTF-8"?>
<!-- Generated by org.testng.reporters.JUnitReportReporter -->
<testsuite skipped="0" hostname="Home-Laptop" name="testCases.DropdownListTest" tests="1" failures="0" timestamp="24 Nov 2020 18:59:16 GMT" time="10.867" errors="0">
  <testcase name="verifyDropdownList" time="10.867" classname="testCases.DropdownListTest"/>
</testsuite> <!-- testCases.DropdownListTest -->
