<?xml version="1.0" encoding="UTF-8"?>
<!-- Generated by org.testng.reporters.JUnitReportReporter -->
<testsuite skipped="0" hostname="Home-Laptop" name="testCases.BasicFirstRadioButtonDemoSingleRadioButtonTest" tests="1" failures="0" timestamp="23 Nov 2020 10:22:15 GMT" time="22.714" errors="0">
  <testcase name="verifySingleRadioButton" time="22.714" classname="testCases.BasicFirstRadioButtonDemoSingleRadioButtonTest"/>
</testsuite> <!-- testCases.BasicFirstRadioButtonDemoSingleRadioButtonTest -->
