<?xml version="1.0" encoding="UTF-8"?>
<!-- Generated by org.testng.reporters.JUnitReportReporter -->
<testsuite skipped="0" hostname="Home-Laptop" name="testCases.FirstFormDemoTestUsingLaunchBrowser" tests="1" failures="0" timestamp="26 Nov 2020 16:27:20 GMT" time="13.257" errors="0">
  <testcase name="verifySingleInputField" time="13.257" classname="testCases.FirstFormDemoTestUsingLaunchBrowser"/>
</testsuite> <!-- testCases.FirstFormDemoTestUsingLaunchBrowser -->
