<?xml version="1.0" encoding="UTF-8"?>
<!-- Generated by org.testng.reporters.JUnitReportReporter -->
<testsuite skipped="0" hostname="Home-Laptop" name="testCases.FirstFormDemoDataSheet" tests="1" failures="0" timestamp="24 Nov 2020 18:59:16 GMT" time="28.634" errors="0">
  <testcase name="verifyTwoInputFieldsNew" time="28.634" classname="testCases.FirstFormDemoDataSheet"/>
</testsuite> <!-- testCases.FirstFormDemoDataSheet -->
