<?xml version="1.0" encoding="UTF-8"?>
<!-- Generated by org.testng.reporters.JUnitReportReporter -->
<testsuite name="pageObjects.BasicFirstFormDemoTest" tests="1" time="21.706" ignored="0" failures="0" timestamp="16 Nov 2020 14:29:00 GMT" skipped="0" hostname="Home-Laptop" errors="0">
  <testcase name="verifySingleInputField" time="21.706" classname="pageObjects.BasicFirstFormDemoTest"/>
</testsuite> <!-- pageObjects.BasicFirstFormDemoTest -->
