<?xml version="1.0" encoding="UTF-8"?>
<!-- Generated by org.testng.reporters.JUnitReportReporter -->
<testsuite skipped="0" hostname="Home-Laptop" name="testCases.DropdownListSelectMultipleValuesTest" tests="1" failures="0" timestamp="23 Nov 2020 17:10:05 GMT" time="15.943" errors="0">
  <testcase name="selectDropdownListValues" time="15.943" classname="testCases.DropdownListSelectMultipleValuesTest"/>
</testsuite> <!-- testCases.DropdownListSelectMultipleValuesTest -->
