<?xml version="1.0" encoding="UTF-8"?>
<!-- Generated by org.testng.reporters.JUnitReportReporter -->
<testsuite skipped="0" hostname="Home-Laptop" name="testCases.DatePickerCalendarTest" tests="1" failures="0" timestamp="27 Nov 2020 14:33:25 GMT" time="10.770" errors="0">
  <testcase name="verifyDatePickerCalendar" time="10.770" classname="testCases.DatePickerCalendarTest"/>
</testsuite> <!-- testCases.DatePickerCalendarTest -->
