<?xml version="1.0" encoding="UTF-8"?>
<!-- Generated by org.testng.reporters.JUnitReportReporter -->
<testsuite skipped="0" hostname="Home-Laptop" name="testCases.DropdownListTest" tests="1" failures="0" timestamp="26 Nov 2020 16:27:19 GMT" time="10.435" errors="0">
  <testcase name="verifyDropdownList" time="10.435" classname="testCases.DropdownListTest"/>
</testsuite> <!-- testCases.DropdownListTest -->
