<?xml version="1.0" encoding="UTF-8"?>
<!-- Generated by org.testng.reporters.JUnitReportReporter -->
<testsuite skipped="0" hostname="Home-Laptop" name="testCases.FirstRadioButtonDemoSingleRadioButtonTest" tests="1" failures="0" timestamp="27 Nov 2020 14:33:25 GMT" time="11.975" errors="0">
  <testcase name="verifySingleRadioButton" time="11.975" classname="testCases.FirstRadioButtonDemoSingleRadioButtonTest"/>
</testsuite> <!-- testCases.FirstRadioButtonDemoSingleRadioButtonTest -->
