<?xml version="1.0" encoding="UTF-8"?>
<!-- Generated by org.testng.reporters.JUnitReportReporter -->
<testsuite skipped="0" hostname="Home-Laptop" name="testCases.HeadlessFirstFormDemoDataSheetTest" tests="1" failures="0" timestamp="26 Nov 2020 16:27:19 GMT" time="26.780" errors="0">
  <testcase name="verifyTwoInputFieldsNew" time="26.780" classname="testCases.HeadlessFirstFormDemoDataSheetTest"/>
</testsuite> <!-- testCases.HeadlessFirstFormDemoDataSheetTest -->
