<?xml version="1.0" encoding="UTF-8"?>
<!-- Generated by org.testng.reporters.JUnitReportReporter -->
<testsuite skipped="0" hostname="Home-Laptop" name="testCases.HeadlessFirstFormDemoDataSheetTest" tests="1" failures="0" timestamp="27 Nov 2020 14:33:25 GMT" time="32.199" errors="0">
  <testcase name="verifyTwoInputFieldsNew" time="32.199" classname="testCases.HeadlessFirstFormDemoDataSheetTest"/>
</testsuite> <!-- testCases.HeadlessFirstFormDemoDataSheetTest -->
