<?xml version="1.0" encoding="UTF-8"?>
<!-- Generated by org.testng.reporters.JUnitReportReporter -->
<testsuite skipped="0" hostname="Home-Laptop" name="testCases.CheckBoxDemoSingleCheckBoxTest" tests="1" failures="0" timestamp="25 Nov 2020 13:40:22 GMT" time="22.001" errors="0">
  <testcase name="verifySingleDemoCheckbox" time="22.001" classname="testCases.CheckBoxDemoSingleCheckBoxTest"/>
</testsuite> <!-- testCases.CheckBoxDemoSingleCheckBoxTest -->
