<?xml version="1.0" encoding="UTF-8"?>
<!-- Generated by org.testng.reporters.JUnitReportReporter -->
<testsuite skipped="0" hostname="Home-Laptop" name="testCases.BasicFirstFormDemoDataSheet" tests="1" failures="0" timestamp="22 Nov 2020 15:10:47 GMT" time="31.411" errors="0">
  <testcase name="verifyTwoInputFieldsNew" time="31.411" classname="testCases.BasicFirstFormDemoDataSheet"/>
</testsuite> <!-- testCases.BasicFirstFormDemoDataSheet -->
