<?xml version="1.0" encoding="UTF-8"?>
<!-- Generated by org.testng.reporters.JUnitReportReporter -->
<testsuite skipped="0" hostname="Home-Laptop" name="testCases.CheckBoxDemoSingleCheckBoxTest" tests="1" failures="0" timestamp="26 Nov 2020 16:27:20 GMT" time="10.321" errors="0">
  <testcase name="verifySingleDemoCheckbox" time="10.321" classname="testCases.CheckBoxDemoSingleCheckBoxTest"/>
</testsuite> <!-- testCases.CheckBoxDemoSingleCheckBoxTest -->
