<?xml version="1.0" encoding="UTF-8"?>
<!-- Generated by org.testng.reporters.JUnitReportReporter -->
<testsuite skipped="0" hostname="Home-Laptop" name="testCases.FirstFormDemoClunkyTest" tests="1" failures="0" timestamp="23 Nov 2020 10:32:30 GMT" time="21.251" errors="0">
  <testcase name="verifySingleInputField" time="21.251" classname="testCases.FirstFormDemoClunkyTest"/>
</testsuite> <!-- testCases.FirstFormDemoClunkyTest -->
