<?xml version="1.0" encoding="UTF-8"?>
<!-- Generated by org.testng.reporters.JUnitReportReporter -->
<testsuite name="testCases.CopyBasicFirstFormDemoTest" tests="2" time="46.377" ignored="0" failures="0" timestamp="18 Nov 2020 13:39:41 GMT" skipped="0" hostname="Home-Laptop" errors="0">
  <testcase name="verifyTwoInputFields" time="28.637" classname="testCases.CopyBasicFirstFormDemoTest"/>
  <testcase name="verifySingleInputField" time="17.740" classname="testCases.CopyBasicFirstFormDemoTest"/>
</testsuite> <!-- testCases.CopyBasicFirstFormDemoTest -->
