<?xml version="1.0" encoding="UTF-8"?>
<!-- Generated by org.testng.reporters.JUnitReportReporter -->
<testsuite skipped="0" hostname="Home-Laptop" name="testCases.BasicCheckBoxDemoSingleCheckBoxTest" tests="1" failures="0" timestamp="22 Nov 2020 15:10:47 GMT" time="11.217" errors="0">
  <testcase name="verifySingleDemoCheckbox" time="11.217" classname="testCases.BasicCheckBoxDemoSingleCheckBoxTest"/>
</testsuite> <!-- testCases.BasicCheckBoxDemoSingleCheckBoxTest -->
