<?xml version="1.0" encoding="UTF-8"?>
<!-- Generated by org.testng.reporters.JUnitReportReporter -->
<testsuite skipped="0" hostname="Home-Laptop" name="testCases.BasicFirstFormDemoUsingLaunchBrowsrStaticDataTest" tests="1" failures="0" timestamp="22 Nov 2020 15:10:47 GMT" time="14.683" errors="0">
  <testcase name="verifyTwoInputFields" time="14.683" classname="testCases.BasicFirstFormDemoUsingLaunchBrowsrStaticDataTest"/>
</testsuite> <!-- testCases.BasicFirstFormDemoUsingLaunchBrowsrStaticDataTest -->
