<?xml version="1.0" encoding="UTF-8"?>
<!-- Generated by org.testng.reporters.JUnitReportReporter -->
<testsuite skipped="0" hostname="Home-Laptop" name="testCases.CheckBoxDemoSingleCheckBoxTest" tests="1" failures="0" timestamp="23 Nov 2020 10:32:30 GMT" time="12.547" errors="0">
  <testcase name="verifySingleDemoCheckbox" time="12.547" classname="testCases.CheckBoxDemoSingleCheckBoxTest"/>
</testsuite> <!-- testCases.CheckBoxDemoSingleCheckBoxTest -->
