<?xml version="1.0" encoding="UTF-8"?>
<!-- Generated by org.testng.reporters.JUnitReportReporter -->
<testsuite skipped="0" hostname="Home-Laptop" name="testCases.HeadlessFirstFormDemoDataSheetTest" tests="1" failures="0" timestamp="25 Nov 2020 18:10:52 GMT" time="36.923" errors="0">
  <testcase name="verifyTwoInputFieldsNew" time="36.923" classname="testCases.HeadlessFirstFormDemoDataSheetTest"/>
</testsuite> <!-- testCases.HeadlessFirstFormDemoDataSheetTest -->
