<?xml version="1.0" encoding="UTF-8"?>
<!-- Generated by org.testng.reporters.JUnitReportReporter -->
<testsuite skipped="0" hostname="Home-Laptop" name="testCases.FirstFormDemoClunkyTest" tests="1" failures="0" timestamp="24 Nov 2020 18:59:16 GMT" time="27.245" errors="0">
  <testcase name="verifySingleInputField" time="27.245" classname="testCases.FirstFormDemoClunkyTest"/>
</testsuite> <!-- testCases.FirstFormDemoClunkyTest -->
