<?xml version="1.0" encoding="UTF-8"?>
<!-- Generated by org.testng.reporters.JUnitReportReporter -->
<testsuite skipped="0" hostname="Home-Laptop" name="testCases.FirstRadioButtonDemoSingleRadioButtonTest" tests="1" failures="0" timestamp="25 Nov 2020 16:52:05 GMT" time="21.824" errors="0">
  <testcase name="verifySingleRadioButton" time="21.824" classname="testCases.FirstRadioButtonDemoSingleRadioButtonTest"/>
</testsuite> <!-- testCases.FirstRadioButtonDemoSingleRadioButtonTest -->
