<?xml version="1.0" encoding="UTF-8"?>
<!-- Generated by org.testng.reporters.JUnitReportReporter -->
<testsuite skipped="0" hostname="Home-Laptop" name="testCases.NaukriHandleMultipleWindowsTest" tests="1" failures="0" timestamp="27 Nov 2020 14:33:25 GMT" time="64.148" errors="0">
  <testcase name="handleMultipleWindows" time="64.148" classname="testCases.NaukriHandleMultipleWindowsTest"/>
</testsuite> <!-- testCases.NaukriHandleMultipleWindowsTest -->
