<?xml version="1.0" encoding="UTF-8"?>
<!-- Generated by org.testng.reporters.JUnitReportReporter -->
<testsuite name="testCases.BasicFirstFormDemoTest" tests="2" time="34.390" ignored="0" failures="0" timestamp="17 Nov 2020 17:59:00 GMT" skipped="0" hostname="Home-Laptop" errors="0">
  <testcase name="verifySingleInputField" time="18.103" classname="testCases.BasicFirstFormDemoTest"/>
  <testcase name="verifyTwoInputFields" time="16.287" classname="testCases.BasicFirstFormDemoTest"/>
</testsuite> <!-- testCases.BasicFirstFormDemoTest -->
