<?xml version="1.0" encoding="UTF-8"?>
<!-- Generated by org.testng.reporters.JUnitReportReporter -->
<testsuite skipped="0" hostname="Home-Laptop" name="testCases.CheckBoxDemoSingleCheckBoxTest2" tests="1" failures="0" timestamp="26 Nov 2020 16:27:20 GMT" time="13.414" errors="0">
  <testcase name="verifySingleDemoCheckbox" time="13.414" classname="testCases.CheckBoxDemoSingleCheckBoxTest2"/>
</testsuite> <!-- testCases.CheckBoxDemoSingleCheckBoxTest2 -->
