<?xml version="1.0" encoding="UTF-8"?>
<!-- Generated by org.testng.reporters.JUnitReportReporter -->
<testsuite skipped="0" hostname="Home-Laptop" name="testCases.DropdownListPrintAllValuesTest" tests="1" failures="0" timestamp="24 Nov 2020 18:59:16 GMT" time="10.891" errors="0">
  <testcase name="verifyDropdownListValues" time="10.891" classname="testCases.DropdownListPrintAllValuesTest"/>
</testsuite> <!-- testCases.DropdownListPrintAllValuesTest -->
