<?xml version="1.0" encoding="UTF-8"?>
<!-- Generated by org.testng.reporters.JUnitReportReporter -->
<testsuite skipped="0" hostname="Home-Laptop" name="testCases.DropdownListPrintAllValuesTest" tests="1" failures="0" timestamp="27 Nov 2020 14:33:25 GMT" time="11.339" errors="0">
  <testcase name="verifyDropdownListValues" time="11.339" classname="testCases.DropdownListPrintAllValuesTest"/>
</testsuite> <!-- testCases.DropdownListPrintAllValuesTest -->
