<?xml version="1.0" encoding="UTF-8"?>
<!-- Generated by org.testng.reporters.JUnitReportReporter -->
<testsuite name="testCases.BasicFirstFormDemoTwoInpuFieldTest" tests="1" time="35.872" ignored="0" failures="0" timestamp="18 Nov 2020 17:44:34 GMT" skipped="0" hostname="Home-Laptop" errors="0">
  <testcase name="verifyTwoInputFieldsNew" time="35.872" classname="testCases.BasicFirstFormDemoTwoInpuFieldTest"/>
</testsuite> <!-- testCases.BasicFirstFormDemoTwoInpuFieldTest -->
