<?xml version="1.0" encoding="UTF-8"?>
<!-- Generated by org.testng.reporters.JUnitReportReporter -->
<testsuite skipped="0" hostname="Home-Laptop" name="testCases.FirstFormDemoTestUsingLaunchBrowser" tests="1" failures="0" timestamp="24 Nov 2020 18:59:16 GMT" time="13.157" errors="0">
  <testcase name="verifySingleInputField" time="13.157" classname="testCases.FirstFormDemoTestUsingLaunchBrowser"/>
</testsuite> <!-- testCases.FirstFormDemoTestUsingLaunchBrowser -->
