<?xml version="1.0" encoding="UTF-8"?>
<!-- Generated by org.testng.reporters.JUnitReportReporter -->
<testsuite skipped="0" hostname="Home-Laptop" name="testCases.CheckBoxDemoSingleCheckBoxTest" tests="1" failures="0" timestamp="29 Nov 2020 14:51:09 GMT" time="12.460" errors="0">
  <testcase name="verifySingleDemoCheckbox" time="12.460" classname="testCases.CheckBoxDemoSingleCheckBoxTest"/>
</testsuite> <!-- testCases.CheckBoxDemoSingleCheckBoxTest -->
