<?xml version="1.0" encoding="UTF-8"?>
<!-- Generated by org.testng.reporters.JUnitReportReporter -->
<testsuite skipped="0" hostname="Home-Laptop" name="testCases.CheckBoxDemoSingleCheckBoxTest2" tests="1" failures="0" timestamp="27 Nov 2020 14:33:25 GMT" time="10.901" errors="0">
  <testcase name="verifySingleDemoCheckbox" time="10.901" classname="testCases.CheckBoxDemoSingleCheckBoxTest2"/>
</testsuite> <!-- testCases.CheckBoxDemoSingleCheckBoxTest2 -->
