<?xml version="1.0" encoding="UTF-8"?>
<!-- Generated by org.testng.reporters.JUnitReportReporter -->
<testsuite skipped="0" hostname="Home-Laptop" name="testCases.BasicFirstFormDemoClunkyTest" tests="1" failures="0" timestamp="23 Nov 2020 09:41:57 GMT" time="24.652" errors="0">
  <testcase name="verifySingleInputField" time="24.652" classname="testCases.BasicFirstFormDemoClunkyTest"/>
</testsuite> <!-- testCases.BasicFirstFormDemoClunkyTest -->
