<?xml version="1.0" encoding="UTF-8"?>
<!-- Generated by org.testng.reporters.JUnitReportReporter -->
<testsuite skipped="0" hostname="Home-Laptop" name="testCases.FirstFormDemoDataSheet" tests="1" failures="0" timestamp="26 Nov 2020 16:27:20 GMT" time="30.591" errors="0">
  <testcase name="verifyTwoInputFieldsNew" time="30.591" classname="testCases.FirstFormDemoDataSheet"/>
</testsuite> <!-- testCases.FirstFormDemoDataSheet -->
