<?xml version="1.0" encoding="UTF-8"?>
<!-- Generated by org.testng.reporters.JUnitReportReporter -->
<testsuite skipped="0" hostname="Home-Laptop" name="testCases.BasicFirstFormDemoTestUsingLaunchBrowser" tests="1" failures="0" timestamp="22 Nov 2020 15:10:47 GMT" time="12.073" errors="0">
  <testcase name="verifySingleInputField" time="12.073" classname="testCases.BasicFirstFormDemoTestUsingLaunchBrowser"/>
</testsuite> <!-- testCases.BasicFirstFormDemoTestUsingLaunchBrowser -->
