<?xml version="1.0" encoding="UTF-8"?>
<!-- Generated by org.testng.reporters.JUnitReportReporter -->
<testsuite skipped="0" hostname="Home-Laptop" name="testCases.DropdownListSelectMultipleValuesTest" tests="1" failures="0" timestamp="24 Nov 2020 18:59:16 GMT" time="14.085" errors="0">
  <testcase name="selectDropdownListValues" time="14.085" classname="testCases.DropdownListSelectMultipleValuesTest"/>
</testsuite> <!-- testCases.DropdownListSelectMultipleValuesTest -->
