<?xml version="1.0" encoding="UTF-8"?>
<!-- Generated by org.testng.reporters.JUnitReportReporter -->
<testsuite skipped="0" hostname="Home-Laptop" name="testCases.FirstFormDemoUsingLaunchBrowsrStaticDataTest" tests="1" failures="0" timestamp="23 Nov 2020 10:32:30 GMT" time="15.499" errors="0">
  <testcase name="verifyTwoInputFields" time="15.499" classname="testCases.FirstFormDemoUsingLaunchBrowsrStaticDataTest"/>
</testsuite> <!-- testCases.FirstFormDemoUsingLaunchBrowsrStaticDataTest -->
