<?xml version="1.0" encoding="UTF-8"?>
<!-- Generated by org.testng.reporters.JUnitReportReporter -->
<testsuite skipped="0" hostname="Home-Laptop" name="testCases.FirstFormDemoClunkyTest" tests="1" failures="0" timestamp="25 Nov 2020 13:40:22 GMT" time="29.778" errors="0">
  <testcase name="verifySingleInputField" time="29.778" classname="testCases.FirstFormDemoClunkyTest"/>
</testsuite> <!-- testCases.FirstFormDemoClunkyTest -->
