<?xml version="1.0" encoding="UTF-8"?>
<!-- Generated by org.testng.reporters.JUnitReportReporter -->
<testsuite skipped="0" hostname="Home-Laptop" name="testCases.DropdownListTest" tests="1" failures="0" timestamp="23 Nov 2020 11:57:48 GMT" time="13.343" errors="0">
  <testcase name="verifyDropdownList" time="13.343" classname="testCases.DropdownListTest"/>
</testsuite> <!-- testCases.DropdownListTest -->
